Arguments: 
  /Users/mmichalczuk/.nvm/versions/node/v10.16.3/bin/node /usr/local/Cellar/yarn/1.17.3/libexec/bin/yarn.js add @babel/preset-plugin-proposal-class-properties -D

PATH: 
  /usr/local/opt/util-linux/bin:/Users/mmichalczuk/.nvm/versions/node/v10.16.3/bin:/usr/local/bin:/usr/bin:/bin:/usr/sbin:/sbin

Yarn version: 
  1.17.3

Node version: 
  10.16.3

Platform: 
  darwin x64

Trace: 
  Error: https://registry.yarnpkg.com/@babel%2fpreset-plugin-proposal-class-properties: Not found
      at Request.params.callback [as _callback] (/usr/local/Cellar/yarn/1.17.3/libexec/lib/cli.js:66830:18)
      at Request.self.callback (/usr/local/Cellar/yarn/1.17.3/libexec/lib/cli.js:140464:22)
      at Request.emit (events.js:198:13)
      at Request.<anonymous> (/usr/local/Cellar/yarn/1.17.3/libexec/lib/cli.js:141436:10)
      at Request.emit (events.js:198:13)
      at IncomingMessage.<anonymous> (/usr/local/Cellar/yarn/1.17.3/libexec/lib/cli.js:141358:12)
      at Object.onceWrapper (events.js:286:20)
      at IncomingMessage.emit (events.js:203:15)
      at endReadableNT (_stream_readable.js:1145:12)
      at process._tickCallback (internal/process/next_tick.js:63:19)

npm manifest: 
  {
      "name": "gimme-cards-mate",
      "version": "1.0.0",
      "description": "",
      "main": "index.js",
      "scripts": {
          "start": "webpack-dev-server --open --mode development",
          "build": "webpack --mode production"
      },
      "author": "",
      "license": "ISC",
      "dependencies": {
          "monaco-editor": "^0.18.1",
          "react": "^16.10.2",
          "react-dom": "^16.10.2"
      },
      "devDependencies": {
          "@babel/core": "^7.6.4",
          "@babel/plugin-proposal-class-properties": "^7.5.5",
          "@babel/preset-env": "^7.6.3",
          "@babel/preset-react": "^7.6.3",
          "babel-loader": "^8.0.6",
          "babel-plugin-react": "^1.0.0",
          "css-loader": "^3.2.0",
          "dotenv-webpack": "^1.7.0",
          "eslint": "^6.5.1",
          "eslint-config-airbnb": "^18.0.1",
          "eslint-config-prettier": "^6.4.0",
          "eslint-plugin-import": "^2.18.2",
          "eslint-plugin-jsx-a11y": "^6.2.3",
          "eslint-plugin-prettier": "^3.1.1",
          "html-loader": "^0.5.5",
          "html-webpack-plugin": "^3.2.0",
          "monaco-editor-webpack-plugin": "^1.7.0",
          "prettier": "^1.18.2",
          "style-loader": "^1.0.0",
          "webpack": "^4.41.1",
          "webpack-cli": "^3.3.9",
          "webpack-dev-server": "^3.8.2"
      }
  }

yarn manifest: 
  No manifest

Lockfile: 
  No lockfile
